18:46:59: Creating resource group General
18:46:59: Creating resource group Internal
18:46:59: Creating resource group Autodetect
18:46:59: SceneManagerFactory for type 'DefaultSceneManager' registered.
18:46:59: Registering ResourceManager for type Material
18:46:59: Registering ResourceManager for type Mesh
18:46:59: Registering ResourceManager for type Skeleton
18:46:59: MovableObjectFactory for type 'ParticleSystem' registered.
18:46:59: ArchiveFactory for archive type FileSystem registered.
18:46:59: ArchiveFactory for archive type Zip registered.
18:46:59: ArchiveFactory for archive type EmbeddedZip registered.
18:46:59: DDS codec registering
18:46:59: ETC codec registering
18:46:59: stb_image - v2.15 - public domain JPEG/PNG reader
18:46:59: Supported formats: jpeg,jpg,png,bmp,psd,tga,gif,pic,ppm,pgm,hdr
18:46:59: Registering ResourceManager for type HighLevelGpuProgram
18:46:59: Registering ResourceManager for type Compositor
18:46:59: MovableObjectFactory for type 'Entity' registered.
18:46:59: MovableObjectFactory for type 'Light' registered.
18:46:59: MovableObjectFactory for type 'BillboardSet' registered.
18:46:59: MovableObjectFactory for type 'ManualObject' registered.
18:46:59: MovableObjectFactory for type 'BillboardChain' registered.
18:46:59: MovableObjectFactory for type 'RibbonTrail' registered.
18:46:59: Loading library ./OgreD\RenderSystem_GL_d
18:46:59: Installing plugin: GL RenderSystem
18:46:59: OpenGL Rendering Subsystem created.
18:47:00: Plugin successfully installed
18:47:00: Loading library ./OgreD\Plugin_ParticleFX_d
18:47:00: Installing plugin: ParticleFX
18:47:00: Particle Emitter Type 'Point' registered
18:47:00: Particle Emitter Type 'Box' registered
18:47:00: Particle Emitter Type 'Ellipsoid' registered
18:47:00: Particle Emitter Type 'Cylinder' registered
18:47:00: Particle Emitter Type 'Ring' registered
18:47:00: Particle Emitter Type 'HollowEllipsoid' registered
18:47:00: Particle Affector Type 'LinearForce' registered
18:47:00: Particle Affector Type 'ColourFader' registered
18:47:00: Particle Affector Type 'ColourFader2' registered
18:47:00: Particle Affector Type 'ColourImage' registered
18:47:00: Particle Affector Type 'ColourInterpolator' registered
18:47:00: Particle Affector Type 'Scaler' registered
18:47:00: Particle Affector Type 'Rotator' registered
18:47:00: Particle Affector Type 'DirectionRandomiser' registered
18:47:00: Particle Affector Type 'DeflectorPlane' registered
18:47:00: Plugin successfully installed
18:47:00: Loading library ./OgreD\Plugin_BSPSceneManager_d
18:47:00: Installing plugin: BSP Scene Manager
18:47:00: Plugin successfully installed
18:47:00: Loading library ./OgreD\Plugin_PCZSceneManager_d
18:47:00: Installing plugin: Portal Connected Zone Scene Manager
18:47:00: PCZone Factory Type 'ZoneType_Default' registered
18:47:00: Plugin successfully installed
18:47:00: Loading library ./OgreD\Plugin_OctreeZone_d
18:47:00: Installing plugin: Octree Zone Factory
18:47:00: Plugin successfully installed
18:47:00: Loading library ./OgreD\Plugin_OctreeSceneManager_d
18:47:00: Installing plugin: Octree Scene Manager
18:47:00: Plugin successfully installed
18:47:00: *-*-* OGRE Initialising
18:47:00: *-*-* Version 1.10.11 (Xalafu)
18:47:00: Added resource location '../Media/thumbnails' of type 'FileSystem' to resource group 'General'
18:47:00: Added resource location '../Media/packs/SdkTrays.zip' of type 'Zip' to resource group 'General'
18:47:00: Added resource location '../Media/packs/profiler.zip' of type 'Zip' to resource group 'General'
18:47:00: Added resource location '../Media/models' of type 'FileSystem' to resource group 'General'
18:47:00: Added resource location '../Media/materials' of type 'FileSystem' to resource group 'General'
18:47:00: Added resource location '../Media/materials/textures' of type 'FileSystem' to resource group 'General'
18:47:00: Added resource location '../Media/models/scripts' of type 'FileSystem' to resource group 'General'
18:47:00: CPU Identifier & Features
18:47:00: -------------------------
18:47:00:  *   CPU ID: GenuineIntel: Intel(R) Core(TM) i5-3230M CPU @ 2.60GHz
18:47:00:  *          SSE: yes
18:47:00:  *         SSE2: yes
18:47:00:  *         SSE3: yes
18:47:00:  *        SSE41: yes
18:47:00:  *        SSE42: yes
18:47:00:  *          MMX: yes
18:47:00:  *       MMXEXT: yes
18:47:00:  *        3DNOW: no
18:47:00:  *     3DNOWEXT: no
18:47:00:  *         CMOV: yes
18:47:00:  *          TSC: yes
18:47:00:  *INVARIANT TSC: yes
18:47:00:  *          FPU: yes
18:47:00:  *          PRO: yes
18:47:00:  *           HT: no
18:47:00: -------------------------
18:47:00: *** Starting Win32GL Subsystem ***
18:47:00: Registering ResourceManager for type Texture
18:47:00: GLRenderSystem::_createRenderWindow "OGRE3D Game", 1920x1080 windowed  miscParams: FSAA=0 FSAAHint= colourDepth=32 displayFrequency=0 gamma=false vsync=true vsyncInterval=1 
18:47:00: Created Win32Window 'OGRE3D Game' : 1366x728, 32bpp
18:47:00: Supported WGL extensions: WGL_EXT_depth_float WGL_ARB_buffer_region WGL_ARB_extensions_string WGL_ARB_make_current_read WGL_ARB_pixel_format WGL_ARB_pbuffer WGL_EXT_extensions_string WGL_EXT_swap_control WGL_EXT_swap_control_tear WGL_ARB_multisample WGL_ARB_pixel_format_float WGL_ARB_framebuffer_sRGB WGL_ARB_create_context WGL_ARB_create_context_profile WGL_EXT_pixel_format_packed_float WGL_EXT_create_context_es_profile WGL_EXT_create_context_es2_profile WGL_NV_DX_interop WGL_ARB_create_context_robustness 
18:47:00: GL_VERSION = 4.0.0 - Build 10.18.10.4358
18:47:00: GL_VENDOR = Intel
18:47:00: GL_RENDERER = Intel(R) HD Graphics 4000
18:47:00: GL_EXTENSIONS = GL_EXT_blend_minmax GL_EXT_blend_subtract GL_EXT_blend_color GL_EXT_abgr GL_EXT_texture3D GL_EXT_clip_volume_hint GL_EXT_compiled_vertex_array GL_SGIS_texture_edge_clamp GL_SGIS_generate_mipmap GL_EXT_draw_range_elements GL_SGIS_texture_lod GL_EXT_rescale_normal GL_EXT_packed_pixels GL_EXT_texture_edge_clamp GL_EXT_separate_specular_color GL_ARB_multitexture GL_ARB_map_buffer_alignment GL_ARB_conservative_depth GL_EXT_texture_env_combine GL_EXT_bgra GL_EXT_blend_func_separate GL_EXT_secondary_color GL_EXT_fog_coord GL_EXT_texture_env_add GL_ARB_texture_cube_map GL_ARB_transpose_matrix GL_ARB_internalformat_query GL_ARB_internalformat_query2 GL_ARB_texture_env_add GL_IBM_texture_mirrored_repeat GL_EXT_multi_draw_arrays GL_SUN_multi_draw_arrays GL_NV_blend_square GL_ARB_texture_compression GL_3DFX_texture_compression_FXT1 GL_EXT_texture_filter_anisotropic GL_ARB_texture_border_clamp GL_ARB_point_parameters GL_ARB_texture_env_combine GL_ARB_texture_env_dot3 GL_ARB_texture_env_crossbar GL_EXT_texture_compression_s3tc GL_ARB_shadow GL_ARB_window_pos GL_EXT_shadow_funcs GL_EXT_stencil_wrap GL_ARB_vertex_program GL_EXT_texture_rectangle GL_ARB_fragment_program GL_EXT_stencil_two_side GL_ATI_separate_stencil GL_ARB_vertex_buffer_object GL_EXT_texture_lod_bias GL_ARB_occlusion_query GL_ARB_fragment_shader GL_ARB_shader_objects GL_ARB_shading_language_100 GL_ARB_texture_non_power_of_two GL_ARB_vertex_shader GL_NV_texgen_reflection GL_ARB_point_sprite GL_ARB_fragment_program_shadow GL_EXT_blend_equation_separate GL_ARB_depth_texture GL_ARB_texture_rectangle GL_ARB_draw_buffers GL_ARB_color_buffer_float GL_ARB_half_float_pixel GL_ARB_texture_float GL_ARB_pixel_buffer_object GL_EXT_framebuffer_object GL_ARB_draw_instanced GL_ARB_half_float_vertex GL_ARB_occlusion_query2 GL_EXT_draw_buffers2 GL_WIN_swap_hint GL_EXT_texture_sRGB GL_ARB_multisample GL_EXT_packed_float GL_EXT_texture_shared_exponent GL_ARB_texture_rg GL_ARB_texture_compression_rgtc GL_NV_conditional_render GL_ARB_texture_swizzle GL_EXT_texture_swizzle GL_ARB_texture_gather GL_ARB_sync GL_ARB_framebuffer_sRGB GL_EXT_packed_depth_stencil GL_ARB_depth_buffer_float GL_EXT_transform_feedback GL_ARB_transform_feedback2 GL_ARB_draw_indirect GL_EXT_framebuffer_blit GL_EXT_framebuffer_multisample GL_ARB_framebuffer_object GL_ARB_framebuffer_no_attachments GL_EXT_texture_array GL_EXT_texture_integer GL_ARB_map_buffer_range GL_ARB_texture_buffer_range GL_EXT_texture_buffer GL_EXT_texture_snorm GL_ARB_blend_func_extended GL_INTEL_performance_queries GL_INTEL_performance_query GL_ARB_copy_buffer GL_ARB_sampler_objects GL_NV_primitive_restart GL_ARB_seamless_cube_map GL_ARB_uniform_buffer_object GL_ARB_depth_clamp GL_ARB_vertex_array_bgra GL_ARB_shader_bit_encoding GL_ARB_draw_buffers_blend GL_ARB_geometry_shader4 GL_EXT_geometry_shader4 GL_ARB_texture_query_lod GL_ARB_explicit_attrib_location GL_ARB_draw_elements_base_vertex GL_ARB_instanced_arrays GL_ARB_base_instance GL_ARB_fragment_coord_conventions GL_EXT_gpu_program_parameters GL_ARB_texture_buffer_object_rgb32 GL_ARB_compatibility GL_ARB_texture_rgb10_a2ui GL_ARB_texture_multisample GL_ARB_vertex_type_2_10_10_10_rev GL_ARB_timer_query GL_ARB_tessellation_shader GL_ARB_vertex_array_object GL_ARB_provoking_vertex GL_ARB_sample_shading GL_ARB_texture_cube_map_array GL_EXT_gpu_shader4 GL_ARB_gpu_shader5 GL_ARB_gpu_shader_fp64 GL_ARB_shader_subroutine GL_ARB_transform_feedback3 GL_ARB_get_program_binary GL_ARB_separate_shader_objects GL_ARB_shader_precision GL_ARB_vertex_attrib_64bit GL_ARB_viewport_array GL_ARB_transform_feedback_instanced GL_ARB_compressed_texture_pixel_storage GL_ARB_shader_atomic_counters GL_ARB_shading_language_packing GL_ARB_shading_language_420pack GL_ARB_texture_storage GL_EXT_texture_storage GL_ARB_vertex_attrib_binding GL_ARB_multi_draw_indirect GL_ARB_program_interface_query GL_ARB_texture_storage_multisample GL_ARB_buffer_storage GL_ARB_debug_output GL_KHR_debug GL_ARB_arrays_of_arrays GL_INTEL_map_texture GL_ARB_texture_compression_bptc GL_ARB_ES2_compatibility GL_ARB_ES3_compatibility GL_ARB_robustness GL_EXT_texture_sRGB_decode GL_KHR_blend_equation_advanced GL_EXT_shader_integer_mix GL_ARB_stencil_texturing 
18:47:00: ***************************
18:47:00: *** GL Renderer Started ***
18:47:00: ***************************
18:47:00: Registering ResourceManager for type GpuProgram
18:47:00: GLSL support detected
18:47:00: GL: Using GL_EXT_framebuffer_object for rendering to textures (best)
18:47:00: FBO PF_UNKNOWN depth/stencil support: D0S1 D0S4 D0S8 D0S16 D16S0 D16S1 D16S4 D16S8 D16S16 D24S0 D24S1 D24S4 D24S8 D24S16 D32S0 D32S1 D32S4 D32S8 D32S16 Packed-D24S8 
18:47:00: FBO PF_A8 depth/stencil support: D0S0 D0S1 D0S4 D0S8 D0S16 D16S0 D16S1 D16S4 D16S8 D16S16 D24S0 D24S1 D24S4 D24S8 D24S16 D32S0 D32S1 D32S4 D32S8 D32S16 Packed-D24S8 
18:47:00: FBO PF_R5G6B5 depth/stencil support: D0S0 D0S1 D0S4 D0S8 D0S16 D16S0 D16S1 D16S4 D16S8 D16S16 D24S0 D24S1 D24S4 D24S8 D24S16 D32S0 D32S1 D32S4 D32S8 D32S16 Packed-D24S8 
18:47:00: FBO PF_B5G6R5 depth/stencil support: D0S0 D0S1 D0S4 D0S8 D0S16 D16S0 D16S1 D16S4 D16S8 D16S16 D24S0 D24S1 D24S4 D24S8 D24S16 D32S0 D32S1 D32S4 D32S8 D32S16 Packed-D24S8 
18:47:00: FBO PF_A4R4G4B4 depth/stencil support: D0S0 D0S1 D0S4 D0S8 D0S16 D16S0 D16S1 D16S4 D16S8 D16S16 D24S0 D24S1 D24S4 D24S8 D24S16 D32S0 D32S1 D32S4 D32S8 D32S16 Packed-D24S8 
18:47:00: FBO PF_A1R5G5B5 depth/stencil support: D0S0 D0S1 D0S4 D0S8 D0S16 D16S0 D16S1 D16S4 D16S8 D16S16 D24S0 D24S1 D24S4 D24S8 D24S16 D32S0 D32S1 D32S4 D32S8 D32S16 Packed-D24S8 
18:47:00: FBO PF_R8G8B8 depth/stencil support: D0S0 D0S1 D0S4 D0S8 D0S16 D16S0 D16S1 D16S4 D16S8 D16S16 D24S0 D24S1 D24S4 D24S8 D24S16 D32S0 D32S1 D32S4 D32S8 D32S16 Packed-D24S8 
18:47:00: FBO PF_B8G8R8 depth/stencil support: D0S0 D0S1 D0S4 D0S8 D0S16 D16S0 D16S1 D16S4 D16S8 D16S16 D24S0 D24S1 D24S4 D24S8 D24S16 D32S0 D32S1 D32S4 D32S8 D32S16 Packed-D24S8 
18:47:01: FBO PF_A8R8G8B8 depth/stencil support: D0S0 D0S1 D0S4 D0S8 D0S16 D16S0 D16S1 D16S4 D16S8 D16S16 D24S0 D24S1 D24S4 D24S8 D24S16 D32S0 D32S1 D32S4 D32S8 D32S16 Packed-D24S8 
18:47:01: FBO PF_A8B8G8R8 depth/stencil support: D0S0 D0S1 D0S4 D0S8 D0S16 D16S0 D16S1 D16S4 D16S8 D16S16 D24S0 D24S1 D24S4 D24S8 D24S16 D32S0 D32S1 D32S4 D32S8 D32S16 Packed-D24S8 
18:47:01: FBO PF_B8G8R8A8 depth/stencil support: D0S0 D0S1 D0S4 D0S8 D0S16 D16S0 D16S1 D16S4 D16S8 D16S16 D24S0 D24S1 D24S4 D24S8 D24S16 D32S0 D32S1 D32S4 D32S8 D32S16 Packed-D24S8 
18:47:01: FBO PF_FLOAT16_RGB depth/stencil support: D0S0 D0S1 D0S4 D0S8 D0S16 D16S0 D16S1 D16S4 D16S8 D16S16 D24S0 D24S1 D24S4 D24S8 D24S16 D32S0 D32S1 D32S4 D32S8 D32S16 Packed-D24S8 
18:47:01: FBO PF_FLOAT16_RGBA depth/stencil support: D0S0 D0S1 D0S4 D0S8 D0S16 D16S0 D16S1 D16S4 D16S8 D16S16 D24S0 D24S1 D24S4 D24S8 D24S16 D32S0 D32S1 D32S4 D32S8 D32S16 Packed-D24S8 
18:47:01: FBO PF_FLOAT32_RGB depth/stencil support: D0S0 D0S1 D0S4 D0S8 D0S16 D16S0 D16S1 D16S4 D16S8 D16S16 D24S0 D24S1 D24S4 D24S8 D24S16 D32S0 D32S1 D32S4 D32S8 D32S16 Packed-D24S8 
18:47:01: FBO PF_FLOAT32_RGBA depth/stencil support: D0S0 D0S1 D0S4 D0S8 D0S16 D16S0 D16S1 D16S4 D16S8 D16S16 D24S0 D24S1 D24S4 D24S8 D24S16 D32S0 D32S1 D32S4 D32S8 D32S16 Packed-D24S8 
18:47:01: FBO PF_X8R8G8B8 depth/stencil support: D0S0 D0S1 D0S4 D0S8 D0S16 D16S0 D16S1 D16S4 D16S8 D16S16 D24S0 D24S1 D24S4 D24S8 D24S16 D32S0 D32S1 D32S4 D32S8 D32S16 Packed-D24S8 
18:47:01: FBO PF_X8B8G8R8 depth/stencil support: D0S0 D0S1 D0S4 D0S8 D0S16 D16S0 D16S1 D16S4 D16S8 D16S16 D24S0 D24S1 D24S4 D24S8 D24S16 D32S0 D32S1 D32S4 D32S8 D32S16 Packed-D24S8 
18:47:01: FBO PF_R8G8B8A8 depth/stencil support: D0S0 D0S1 D0S4 D0S8 D0S16 D16S0 D16S1 D16S4 D16S8 D16S16 D24S0 D24S1 D24S4 D24S8 D24S16 D32S0 D32S1 D32S4 D32S8 D32S16 Packed-D24S8 
18:47:01: FBO PF_SHORT_RGBA depth/stencil support: D0S0 D0S1 D0S4 D0S8 D0S16 D16S0 D16S1 D16S4 D16S8 D16S16 D24S0 D24S1 D24S4 D24S8 D24S16 D32S0 D32S1 D32S4 D32S8 D32S16 Packed-D24S8 
18:47:01: FBO PF_R3G3B2 depth/stencil support: D0S0 D0S1 D0S4 D0S8 D0S16 D16S0 D16S1 D16S4 D16S8 D16S16 D24S0 D24S1 D24S4 D24S8 D24S16 D32S0 D32S1 D32S4 D32S8 D32S16 Packed-D24S8 
18:47:01: FBO PF_SHORT_RGB depth/stencil support: D0S0 D0S1 D0S4 D0S8 D0S16 D16S0 D16S1 D16S4 D16S8 D16S16 D24S0 D24S1 D24S4 D24S8 D24S16 D32S0 D32S1 D32S4 D32S8 D32S16 Packed-D24S8 
18:47:01: [GL] : Valid FBO targets PF_UNKNOWN PF_A8 PF_R5G6B5 PF_B5G6R5 PF_A4R4G4B4 PF_A1R5G5B5 PF_R8G8B8 PF_B8G8R8 PF_A8R8G8B8 PF_A8B8G8R8 PF_B8G8R8A8 PF_FLOAT16_RGB PF_FLOAT16_RGBA PF_FLOAT32_RGB PF_FLOAT32_RGBA PF_X8R8G8B8 PF_X8B8G8R8 PF_R8G8B8A8 PF_SHORT_RGBA PF_R3G3B2 PF_SHORT_RGB 
18:47:01: RenderSystem capabilities
18:47:01: -------------------------
18:47:01: RenderSystem Name: OpenGL Rendering Subsystem
18:47:01: GPU Vendor: intel
18:47:01: Device Name: Intel(R) HD Graphics 4000
18:47:01: Driver Version: 4.0.0.0
18:47:01:  * Fixed function pipeline: yes
18:47:01:  * Anisotropic texture filtering: yes
18:47:01:  * Cube mapping: yes
18:47:01:  * Hardware stencil buffer: yes
18:47:01:    - Stencil depth: 8
18:47:01:    - Two sided stencil support: yes
18:47:01:    - Wrap stencil values: yes
18:47:01:  * 32-bit index buffers: yes
18:47:01:  * Vertex programs: yes
18:47:01:  * Number of floating-point constants for vertex programs: 256
18:47:01:  * Number of integer constants for vertex programs: 0
18:47:01:  * Number of boolean constants for vertex programs: 0
18:47:01:  * Fragment programs: yes
18:47:01:  * Number of floating-point constants for fragment programs: 256
18:47:01:  * Number of integer constants for fragment programs: 0
18:47:01:  * Number of boolean constants for fragment programs: 0
18:47:01:  * Geometry programs: yes
18:47:01:  * Number of floating-point constants for geometry programs: 4096
18:47:01:  * Number of integer constants for geometry programs: 0
18:47:01:  * Number of boolean constants for geometry programs: 0
18:47:01:  * Tessellation Hull programs: no
18:47:01:  * Number of floating-point constants for tessellation hull programs: 52685
18:47:01:  * Number of integer constants for tessellation hull programs: 52685
18:47:01:  * Number of boolean constants for tessellation hull programs: 52685
18:47:01:  * Tessellation Domain programs: no
18:47:01:  * Number of floating-point constants for tessellation domain programs: 52685
18:47:01:  * Number of integer constants for tessellation domain programs: 52685
18:47:01:  * Number of boolean constants for tessellation domain programs: 52685
18:47:01:  * Compute programs: no
18:47:01:  * Number of floating-point constants for compute programs: 52685
18:47:01:  * Number of integer constants for compute programs: 52685
18:47:01:  * Number of boolean constants for compute programs: 52685
18:47:01:  * Supported Shader Profiles: arbfp1 arbvp1 glsl glsl100 glsl110 glsl120
18:47:01:  * Texture Compression: yes
18:47:01:    - DXT: yes
18:47:01:    - VTC: no
18:47:01:    - PVRTC: no
18:47:01:    - ATC: no
18:47:01:    - ETC1: no
18:47:01:    - ETC2: no
18:47:01:    - BC4/BC5: no
18:47:01:    - BC6H/BC7: no
18:47:01:    - ASTC: no
18:47:01:    - Mipmaps for compressed formats: yes
18:47:01:  * Hardware Occlusion Query: yes
18:47:01:  * User clip planes: yes
18:47:01:  * VET_UBYTE4 vertex element type: yes
18:47:01:  * Infinite far plane projection: yes
18:47:01:  * Hardware render-to-texture: yes
18:47:01:  * Floating point textures: yes
18:47:01:  * Non-power-of-two textures: yes
18:47:01:  * 1d textures: yes
18:47:01:  * Volume textures: yes
18:47:01:  * Multiple Render Targets: 8
18:47:01:    - With different bit depths: yes
18:47:01:  * Point Sprites: yes
18:47:01:  * Hardware Gamma: yes
18:47:01:  * Extended point parameters: yes
18:47:01:  * Max Point Size: 255
18:47:01:  * Vertex texture fetch: yes
18:47:01:  * Number of texture units: 16
18:47:01:  * Number of vertex attributes: 16
18:47:01:  * Stencil buffer depth: 8
18:47:01:  * Number of vertex blend matrices: 0
18:47:01:    - Max vertex textures: 16
18:47:01:    - Vertex textures shared: yes
18:47:01:  * Render to Vertex Buffer : no
18:47:01:  * Hardware Atomic Counters: no
18:47:01:  * PBuffer support: yes
18:47:01:  * Vertex Array Objects: no
18:47:01:  * Separate shader objects: no
18:47:01:  * GLSL SSO redeclare interface block: no
18:47:01:  * Debugging/ profiling events: no
18:47:01:  * Map buffer storage: yes
18:47:01: DefaultWorkQueue('Root') initialising on thread main.
18:47:01: Particle Renderer Type 'billboard' registered
18:47:01: SceneManagerFactory for type 'BspSceneManager' registered.
18:47:01: Registering ResourceManager for type BspLevel
18:47:01: SceneManagerFactory for type 'PCZSceneManager' registered.
18:47:01: MovableObjectFactory for type 'PCZLight' registered.
18:47:01: MovableObjectFactory for type 'Portal' registered.
18:47:01: MovableObjectFactory for type 'AntiPortal' registered.
18:47:01: PCZone Factory Type 'ZoneType_Octree' registered
18:47:01: SceneManagerFactory for type 'OctreeSceneManager' registered.
18:47:01: Parsing scripts for resource group Autodetect
18:47:01: Finished parsing scripts for resource group Autodetect
18:47:01: Creating resources for group Autodetect
18:47:01: All done
18:47:01: Parsing scripts for resource group General
18:47:01: Parsing script SdkTrays.material
18:47:01: Parsing script OgreProfiler.material
18:47:01: Finished parsing scripts for resource group General
18:47:01: Creating resources for group General
18:47:01: All done
18:47:01: Parsing scripts for resource group Internal
18:47:01: Finished parsing scripts for resource group Internal
18:47:01: Creating resources for group Internal
18:47:01: All done
18:47:02: Mesh: Loading ogrehead.mesh.
18:47:02: Can't assign material Ogre/Eyes to SubEntity of Ogre/MO1 because this Material does not exist in group General. Have you forgotten to define it in a .material script?
18:47:02: Can't assign material Ogre/Skin to SubEntity of Ogre/MO1 because this Material does not exist in group General. Have you forgotten to define it in a .material script?
18:47:02: Can't assign material Ogre/Earring to SubEntity of Ogre/MO1 because this Material does not exist in group General. Have you forgotten to define it in a .material script?
18:47:02: Can't assign material Ogre/Tusks to SubEntity of Ogre/MO1 because this Material does not exist in group General. Have you forgotten to define it in a .material script?
