11:17:35: Creating resource group General
11:17:35: Creating resource group Internal
11:17:35: Creating resource group Autodetect
11:17:35: SceneManagerFactory for type 'DefaultSceneManager' registered.
11:17:35: Registering ResourceManager for type Material
11:17:35: Registering ResourceManager for type Mesh
11:17:35: Registering ResourceManager for type Skeleton
11:17:35: MovableObjectFactory for type 'ParticleSystem' registered.
11:17:35: ArchiveFactory for archive type FileSystem registered.
11:17:35: ArchiveFactory for archive type Zip registered.
11:17:35: ArchiveFactory for archive type EmbeddedZip registered.
11:17:35: DDS codec registering
11:17:35: ETC codec registering
11:17:35: stb_image - v2.15 - public domain JPEG/PNG reader
11:17:35: Supported formats: jpeg,jpg,png,bmp,psd,tga,gif,pic,ppm,pgm,hdr
11:17:35: Registering ResourceManager for type HighLevelGpuProgram
11:17:35: Registering ResourceManager for type Compositor
11:17:35: MovableObjectFactory for type 'Entity' registered.
11:17:35: MovableObjectFactory for type 'Light' registered.
11:17:35: MovableObjectFactory for type 'BillboardSet' registered.
11:17:35: MovableObjectFactory for type 'ManualObject' registered.
11:17:35: MovableObjectFactory for type 'BillboardChain' registered.
11:17:35: MovableObjectFactory for type 'RibbonTrail' registered.
11:17:35: FileNotFoundException: 'plugins_d.cfg' file not found! in ConfigFile::load at C:\hlocal\P3\ProyectoBasico\Dependencies\Ogre\OgreMain\src\OgreConfigFile.cpp (line 74)
11:17:35: plugins_d.cfg not found, automatic plugin loading disabled.
11:17:35: *-*-* OGRE Initialising
11:17:35: *-*-* Version 1.10.11 (Xalafu)
