12:23:19: Creating resource group General
12:23:19: Creating resource group Internal
12:23:19: Creating resource group Autodetect
12:23:19: SceneManagerFactory for type 'DefaultSceneManager' registered.
12:23:19: Registering ResourceManager for type Material
12:23:19: Registering ResourceManager for type Mesh
12:23:19: Registering ResourceManager for type Skeleton
12:23:19: MovableObjectFactory for type 'ParticleSystem' registered.
12:23:19: ArchiveFactory for archive type FileSystem registered.
12:23:19: ArchiveFactory for archive type Zip registered.
12:23:19: ArchiveFactory for archive type EmbeddedZip registered.
12:23:19: DDS codec registering
12:23:19: ETC codec registering
12:23:19: stb_image - v2.15 - public domain JPEG/PNG reader
12:23:19: Supported formats: jpeg,jpg,png,bmp,psd,tga,gif,pic,ppm,pgm,hdr
12:23:19: Registering ResourceManager for type HighLevelGpuProgram
12:23:19: Registering ResourceManager for type Compositor
12:23:19: MovableObjectFactory for type 'Entity' registered.
12:23:19: MovableObjectFactory for type 'Light' registered.
12:23:19: MovableObjectFactory for type 'BillboardSet' registered.
12:23:19: MovableObjectFactory for type 'ManualObject' registered.
12:23:19: MovableObjectFactory for type 'BillboardChain' registered.
12:23:19: MovableObjectFactory for type 'RibbonTrail' registered.
12:23:19: Loading library ./Ogre\RenderSystem_GL
12:23:19: Installing plugin: GL RenderSystem
12:23:19: OpenGL Rendering Subsystem created.
12:23:19: Plugin successfully installed
12:23:19: Loading library ./Ogre\Plugin_ParticleFX
12:23:19: Installing plugin: ParticleFX
12:23:19: Particle Emitter Type 'Point' registered
12:23:19: Particle Emitter Type 'Box' registered
12:23:19: Particle Emitter Type 'Ellipsoid' registered
12:23:19: Particle Emitter Type 'Cylinder' registered
12:23:19: Particle Emitter Type 'Ring' registered
12:23:19: Particle Emitter Type 'HollowEllipsoid' registered
12:23:19: Particle Affector Type 'LinearForce' registered
12:23:19: Particle Affector Type 'ColourFader' registered
12:23:19: Particle Affector Type 'ColourFader2' registered
12:23:19: Particle Affector Type 'ColourImage' registered
12:23:19: Particle Affector Type 'ColourInterpolator' registered
12:23:19: Particle Affector Type 'Scaler' registered
12:23:19: Particle Affector Type 'Rotator' registered
12:23:19: Particle Affector Type 'DirectionRandomiser' registered
12:23:19: Particle Affector Type 'DeflectorPlane' registered
12:23:19: Plugin successfully installed
12:23:19: *-*-* OGRE Initialising
12:23:19: *-*-* Version 1.10.11 (Xalafu)
